<?xml version="1.0" encoding="UTF-8"?>
<!-- Generated by org.testng.reporters.JUnitXMLReporter -->
<testsuite ignored="6" hostname="TVDI-027" failures="0" tests="1" name="Default test" time="12.279" errors="0" timestamp="2023-05-22T13:12:14 IST">
  <testcase classname="org.test.ReqResGet" name="delayedResponse" time="11.339"/>
  <testcase classname="org.test.ReqResGet" name="listOfResource" time="0.0">
    <ignored/>
  </testcase> <!-- listOfResource -->
  <testcase classname="org.test.ReqResGet" name="singleUserNotFound" time="0.0">
    <ignored/>
  </testcase> <!-- singleUserNotFound -->
  <testcase classname="org.test.ReqResGet" name="singleResourceNotFound" time="0.0">
    <ignored/>
  </testcase> <!-- singleResourceNotFound -->
  <testcase classname="org.test.ReqResGet" name="singleUser" time="0.0">
    <ignored/>
  </testcase> <!-- singleUser -->
  <testcase classname="org.test.ReqResGet" name="SingleResource" time="0.0">
    <ignored/>
  </testcase> <!-- SingleResource -->
  <testcase classname="org.test.ReqResGet" name="listUsers" time="0.0">
    <ignored/>
  </testcase> <!-- listUsers -->
</testsuite> <!-- Default test -->
