<?xml version="1.0" encoding="UTF-8"?>
<!-- Generated by org.testng.reporters.JUnitXMLReporter -->
<testsuite ignored="0" hostname="TVDI-027" failures="0" tests="5" name="Default test" time="8.266" errors="0" timestamp="2023-05-22T11:47:07 IST">
  <testcase classname="org.test.ReqResPost" name="create" time="5.255"/>
  <testcase classname="org.test.ReqResPost" name="loginSuccessful" time="0.528"/>
  <testcase classname="org.test.ReqResPost" name="loginUnSuccessful" time="0.488"/>
  <testcase classname="org.test.ReqResPost" name="registerSuccessful" time="0.433"/>
  <testcase classname="org.test.ReqResPost" name="registerUnSuccessful" time="0.519"/>
</testsuite> <!-- Default test -->
