<?xml version="1.0" encoding="UTF-8"?>
<!-- Generated by org.testng.reporters.JUnitXMLReporter -->
<testsuite ignored="0" hostname="TVDI-027" failures="0" tests="15" name="Test" time="25.336" errors="0" timestamp="2023-05-22T17:12:50 IST">
  <testcase classname="org.reqres.ReqResPatch" name="update" time="9.755"/>
  <testcase classname="org.reqres.ReqResPut" name="testPut" time="0.634"/>
  <testcase classname="org.reqres.ReqResGet" name="SingleResource" time="3.66"/>
  <testcase classname="org.reqres.ReqResGet" name="delayedResponse" time="3.888"/>
  <testcase classname="org.reqres.ReqResGet" name="listOfResource" time="0.259"/>
  <testcase classname="org.reqres.ReqResGet" name="listUsers" time="0.458"/>
  <testcase classname="org.reqres.ReqResGet" name="singleResourceNotFound" time="0.561"/>
  <testcase classname="org.reqres.ReqResGet" name="singleUser" time="0.194"/>
  <testcase classname="org.reqres.ReqResGet" name="singleUserNotFound" time="0.237"/>
  <testcase classname="org.reqres.ReqResDelete" name="delete" time="0.466"/>
  <testcase classname="org.reqres.ReqResPost" name="create" time="0.555"/>
  <testcase classname="org.reqres.ReqResPost" name="loginSuccessful" time="0.469"/>
  <testcase classname="org.reqres.ReqResPost" name="loginUnSuccessful" time="0.911"/>
  <testcase classname="org.reqres.ReqResPost" name="registerSuccessful" time="0.497"/>
  <testcase classname="org.reqres.ReqResPost" name="registerUnSuccessful" time="0.502"/>
</testsuite> <!-- Test -->
