<?xml version="1.0" encoding="UTF-8"?>
<testng-results ignored="0" total="5" passed="5" failed="0" skipped="0">
  <reporter-output>
  </reporter-output>
  <suite started-at="2023-05-22T11:46:58 IST" name="Default suite" finished-at="2023-05-22T11:47:07 IST" duration-ms="8266">
    <groups>
    </groups>
    <test started-at="2023-05-22T11:46:58 IST" name="Default test" finished-at="2023-05-22T11:47:07 IST" duration-ms="8266">
      <class name="org.test.ReqResPost">
        <test-method is-config="true" signature="beforeMethod()[pri:0, instance:org.test.ReqResPost@4d9e68d0]" started-at="2023-05-22T11:46:58 IST" name="beforeMethod" finished-at="2023-05-22T11:46:59 IST" duration-ms="783" status="PASS">
          <reporter-output>
          </reporter-output>
        </test-method> <!-- beforeMethod -->
        <test-method signature="create()[pri:0, instance:org.test.ReqResPost@4d9e68d0]" started-at="2023-05-22T11:46:59 IST" name="create" finished-at="2023-05-22T11:47:04 IST" duration-ms="5255" status="PASS">
          <reporter-output>
          </reporter-output>
        </test-method> <!-- create -->
        <test-method is-config="true" signature="beforeMethod()[pri:0, instance:org.test.ReqResPost@4d9e68d0]" started-at="2023-05-22T11:47:05 IST" name="beforeMethod" finished-at="2023-05-22T11:47:05 IST" duration-ms="0" status="PASS">
          <reporter-output>
          </reporter-output>
        </test-method> <!-- beforeMethod -->
        <test-method signature="loginSuccessful()[pri:0, instance:org.test.ReqResPost@4d9e68d0]" started-at="2023-05-22T11:47:05 IST" name="loginSuccessful" finished-at="2023-05-22T11:47:05 IST" duration-ms="528" status="PASS">
          <reporter-output>
          </reporter-output>
        </test-method> <!-- loginSuccessful -->
        <test-method is-config="true" signature="beforeMethod()[pri:0, instance:org.test.ReqResPost@4d9e68d0]" started-at="2023-05-22T11:47:05 IST" name="beforeMethod" finished-at="2023-05-22T11:47:05 IST" duration-ms="1" status="PASS">
          <reporter-output>
          </reporter-output>
        </test-method> <!-- beforeMethod -->
        <test-method signature="loginUnSuccessful()[pri:0, instance:org.test.ReqResPost@4d9e68d0]" started-at="2023-05-22T11:47:05 IST" name="loginUnSuccessful" finished-at="2023-05-22T11:47:06 IST" duration-ms="488" status="PASS">
          <reporter-output>
          </reporter-output>
        </test-method> <!-- loginUnSuccessful -->
        <test-method is-config="true" signature="beforeMethod()[pri:0, instance:org.test.ReqResPost@4d9e68d0]" started-at="2023-05-22T11:47:06 IST" name="beforeMethod" finished-at="2023-05-22T11:47:06 IST" duration-ms="1" status="PASS">
          <reporter-output>
          </reporter-output>
        </test-method> <!-- beforeMethod -->
        <test-method signature="registerSuccessful()[pri:0, instance:org.test.ReqResPost@4d9e68d0]" started-at="2023-05-22T11:47:06 IST" name="registerSuccessful" finished-at="2023-05-22T11:47:06 IST" duration-ms="433" status="PASS">
          <reporter-output>
          </reporter-output>
        </test-method> <!-- registerSuccessful -->
        <test-method signature="registerUnSuccessful()[pri:0, instance:org.test.ReqResPost@4d9e68d0]" started-at="2023-05-22T11:47:06 IST" name="registerUnSuccessful" finished-at="2023-05-22T11:47:07 IST" duration-ms="519" status="PASS">
          <reporter-output>
          </reporter-output>
        </test-method> <!-- registerUnSuccessful -->
        <test-method is-config="true" signature="beforeMethod()[pri:0, instance:org.test.ReqResPost@4d9e68d0]" started-at="2023-05-22T11:47:06 IST" name="beforeMethod" finished-at="2023-05-22T11:47:06 IST" duration-ms="0" status="PASS">
          <reporter-output>
          </reporter-output>
        </test-method> <!-- beforeMethod -->
      </class> <!-- org.test.ReqResPost -->
    </test> <!-- Default test -->
  </suite> <!-- Default suite -->
</testng-results>
